2023-08-14 17:35: Experiment log path in: /Users/adeebgaibie/Documents/GitHub/WEATHER-FLOW/Execute/experiments
2023-08-14 17:35: Train Epoch 1: 0/46 Loss: 20.717493
2023-08-14 17:35: Train Epoch 1: 20/46 Loss: 14.286366
2023-08-14 17:35: Train Epoch 1: 40/46 Loss: 9.558660
2023-08-14 17:35: **********Train Epoch 1: averaged Loss: 14.368322, tf_ratio: 1.000000
2023-08-14 17:35: **********Val Epoch 1: average Loss: 4.951877
2023-08-14 17:35: *********************************Current best model saved!
2023-08-14 17:35: Train Epoch 2: 0/46 Loss: 9.452652
2023-08-14 17:36: Train Epoch 2: 20/46 Loss: 5.899189
2023-08-14 17:36: Train Epoch 2: 40/46 Loss: 5.647218
2023-08-14 17:36: **********Train Epoch 2: averaged Loss: 6.285039, tf_ratio: 1.000000
2023-08-14 17:36: **********Val Epoch 2: average Loss: 6.875232
2023-08-14 17:36: Total training time: 1.4201min, best loss: 4.951877
2023-08-14 17:36: Saving current best model to /Users/adeebgaibie/Documents/GitHub/WEATHER-FLOW/Garage/Final Models/AGCRN/3 Hour Models/model_split_0.pth
2023-08-14 17:36: Train Epoch 1: 0/56 Loss: 20.193874
2023-08-14 17:37: Train Epoch 1: 20/56 Loss: 13.968906
2023-08-14 17:37: Train Epoch 1: 40/56 Loss: 9.537660
2023-08-14 17:37: **********Train Epoch 1: averaged Loss: 12.468942, tf_ratio: 1.000000
2023-08-14 17:37: **********Val Epoch 1: average Loss: 5.580494
2023-08-14 17:37: *********************************Current best model saved!
2023-08-14 17:37: Train Epoch 2: 0/56 Loss: 7.083152
2023-08-14 17:37: Train Epoch 2: 20/56 Loss: 5.731089
2023-08-14 17:38: Train Epoch 2: 40/56 Loss: 4.869009
2023-08-14 17:38: **********Train Epoch 2: averaged Loss: 5.582393, tf_ratio: 1.000000
2023-08-14 17:38: **********Val Epoch 2: average Loss: 8.492610
2023-08-14 17:38: Total training time: 1.7302min, best loss: 5.580494
2023-08-14 17:38: Saving current best model to /Users/adeebgaibie/Documents/GitHub/WEATHER-FLOW/Garage/Final Models/AGCRN/3 Hour Models/model_split_1.pth
2023-08-14 17:38: Train Epoch 1: 0/46 Loss: 19.606127
2023-08-14 17:39: Train Epoch 1: 20/46 Loss: 16.141376
2023-08-14 17:39: Train Epoch 1: 40/46 Loss: 11.115150
2023-08-14 17:39: **********Train Epoch 1: averaged Loss: 15.599845, tf_ratio: 1.000000
2023-08-14 17:39: **********Val Epoch 1: average Loss: 5.368486
2023-08-14 17:39: *********************************Current best model saved!
2023-08-14 17:39: Train Epoch 2: 0/46 Loss: 10.070792
2023-08-14 17:39: Train Epoch 2: 20/46 Loss: 6.127409
2023-08-14 17:39: Train Epoch 2: 40/46 Loss: 6.459545
2023-08-14 17:40: **********Train Epoch 2: averaged Loss: 7.001862, tf_ratio: 1.000000
2023-08-14 17:40: **********Val Epoch 2: average Loss: 6.421812
2023-08-14 17:40: Total training time: 1.4142min, best loss: 5.368486
2023-08-14 17:40: Saving current best model to /Users/adeebgaibie/Documents/GitHub/WEATHER-FLOW/Garage/Final Models/AGCRN/6 Hour Models/model_split_0.pth
2023-08-14 17:40: Train Epoch 1: 0/56 Loss: 19.705923
2023-08-14 17:40: Train Epoch 1: 20/56 Loss: 15.078734
2023-08-14 17:40: Train Epoch 1: 40/56 Loss: 10.988087
2023-08-14 17:41: **********Train Epoch 1: averaged Loss: 13.637259, tf_ratio: 1.000000
2023-08-14 17:41: **********Val Epoch 1: average Loss: 5.172505
2023-08-14 17:41: *********************************Current best model saved!
2023-08-14 17:41: Train Epoch 2: 0/56 Loss: 8.631445
2023-08-14 17:41: Train Epoch 2: 20/56 Loss: 6.361974
2023-08-14 17:41: Train Epoch 2: 40/56 Loss: 5.217227
2023-08-14 17:41: **********Train Epoch 2: averaged Loss: 5.874855, tf_ratio: 1.000000
2023-08-14 17:42: **********Val Epoch 2: average Loss: 8.417247
2023-08-14 17:42: Total training time: 1.7316min, best loss: 5.172505
2023-08-14 17:42: Saving current best model to /Users/adeebgaibie/Documents/GitHub/WEATHER-FLOW/Garage/Final Models/AGCRN/6 Hour Models/model_split_1.pth
